{
  "RSpec": {
    "coverage": {
      "/Users/coreyvotta/Desktop/launch_academy/phase 6/exercises/test-all-the-methods/code.rb": [
        1,
        2,
        1,
        null,
        1,
        null,
        null,
        null,
        1,
        1,
        1,
        4,
        null,
        null,
        1,
        null,
        null,
        1,
        1,
        1,
        2,
        null,
        1,
        null,
        null,
        1,
        4,
        1,
        3,
        1,
        2,
        1,
        null,
        1,
        null,
        null,
        null,
        1,
        1,
        1,
        9,
        2,
        null,
        7,
        null,
        null,
        1,
        null,
        null,
        1,
        2,
        null,
        null,
        1,
        3,
        1,
        null,
        null,
        2,
        2,
        4,
        3,
        null,
        1,
        null
      ]
    },
    "timestamp": 1477924508
  }
}
